[0.763s] Invoking command in '/home/shubhi/Documents/ros2_ws/src/my_robot_controller': PYTHONPATH=/home/shubhi/Documents/ros2_ws/build/my_robot_controller/prefix_override:/home/shubhi/Documents/ros2_ws/install/my_robot_controller/lib/python3.10/site-packages:${PYTHONPATH} /usr/bin/python3 setup.py egg_info --egg-base ../../build/my_robot_controller build --build-base /home/shubhi/Documents/ros2_ws/build/my_robot_controller/build install --record /home/shubhi/Documents/ros2_ws/build/my_robot_controller/install.log --single-version-externally-managed
[1.161s] running egg_info
[1.162s] creating ../../build/my_robot_controller/my_robot_controller.egg-info
[1.163s] writing ../../build/my_robot_controller/my_robot_controller.egg-info/PKG-INFO
[1.163s] writing dependency_links to ../../build/my_robot_controller/my_robot_controller.egg-info/dependency_links.txt
[1.163s] writing entry points to ../../build/my_robot_controller/my_robot_controller.egg-info/entry_points.txt
[1.164s] writing requirements to ../../build/my_robot_controller/my_robot_controller.egg-info/requires.txt
[1.164s] writing top-level names to ../../build/my_robot_controller/my_robot_controller.egg-info/top_level.txt
[1.164s] writing manifest file '../../build/my_robot_controller/my_robot_controller.egg-info/SOURCES.txt'
[1.167s] reading manifest file '../../build/my_robot_controller/my_robot_controller.egg-info/SOURCES.txt'
[1.168s] writing manifest file '../../build/my_robot_controller/my_robot_controller.egg-info/SOURCES.txt'
[1.169s] running build
[1.169s] running build_py
[1.169s] creating /home/shubhi/Documents/ros2_ws/build/my_robot_controller/build
[1.169s] creating /home/shubhi/Documents/ros2_ws/build/my_robot_controller/build/lib
[1.170s] creating /home/shubhi/Documents/ros2_ws/build/my_robot_controller/build/lib/my_robot_controller
[1.170s] copying my_robot_controller/__init__.py -> /home/shubhi/Documents/ros2_ws/build/my_robot_controller/build/lib/my_robot_controller
[1.170s] running install
[1.172s] /usr/lib/python3/dist-packages/setuptools/command/install.py:34: SetuptoolsDeprecationWarning: setup.py install is deprecated. Use build and pip and other standards-based tools.
[1.172s]   warnings.warn(
[1.173s] running install_lib
[1.174s] creating /home/shubhi/Documents/ros2_ws/install/my_robot_controller/lib/python3.10/site-packages/my_robot_controller
[1.174s] copying /home/shubhi/Documents/ros2_ws/build/my_robot_controller/build/lib/my_robot_controller/__init__.py -> /home/shubhi/Documents/ros2_ws/install/my_robot_controller/lib/python3.10/site-packages/my_robot_controller
[1.175s] byte-compiling /home/shubhi/Documents/ros2_ws/install/my_robot_controller/lib/python3.10/site-packages/my_robot_controller/__init__.py to __init__.cpython-310.pyc
[1.176s] running install_data
[1.176s] creating /home/shubhi/Documents/ros2_ws/install/my_robot_controller/share/ament_index
[1.177s] creating /home/shubhi/Documents/ros2_ws/install/my_robot_controller/share/ament_index/resource_index
[1.177s] creating /home/shubhi/Documents/ros2_ws/install/my_robot_controller/share/ament_index/resource_index/packages
[1.177s] copying resource/my_robot_controller -> /home/shubhi/Documents/ros2_ws/install/my_robot_controller/share/ament_index/resource_index/packages
[1.177s] copying package.xml -> /home/shubhi/Documents/ros2_ws/install/my_robot_controller/share/my_robot_controller
[1.178s] running install_egg_info
[1.180s] Copying ../../build/my_robot_controller/my_robot_controller.egg-info to /home/shubhi/Documents/ros2_ws/install/my_robot_controller/lib/python3.10/site-packages/my_robot_controller-0.0.0-py3.10.egg-info
[1.182s] running install_scripts
[1.224s] writing list of installed files to '/home/shubhi/Documents/ros2_ws/build/my_robot_controller/install.log'
[1.270s] Invoked command in '/home/shubhi/Documents/ros2_ws/src/my_robot_controller' returned '0': PYTHONPATH=/home/shubhi/Documents/ros2_ws/build/my_robot_controller/prefix_override:/home/shubhi/Documents/ros2_ws/install/my_robot_controller/lib/python3.10/site-packages:${PYTHONPATH} /usr/bin/python3 setup.py egg_info --egg-base ../../build/my_robot_controller build --build-base /home/shubhi/Documents/ros2_ws/build/my_robot_controller/build install --record /home/shubhi/Documents/ros2_ws/build/my_robot_controller/install.log --single-version-externally-managed
