[0.760s] Invoking command in '/home/shubhi/Documents/ros2_ws/src/my_robot_controller': PYTHONPATH=/home/shubhi/Documents/ros2_ws/build/my_robot_controller/prefix_override:/home/shubhi/Documents/ros2_ws/install/my_robot_controller/lib/python3.10/site-packages:${PYTHONPATH} /usr/bin/python3 setup.py egg_info --egg-base ../../build/my_robot_controller build --build-base /home/shubhi/Documents/ros2_ws/build/my_robot_controller/build install --record /home/shubhi/Documents/ros2_ws/build/my_robot_controller/install.log --single-version-externally-managed
[1.196s] running egg_info
[1.197s] writing ../../build/my_robot_controller/my_robot_controller.egg-info/PKG-INFO
[1.198s] writing dependency_links to ../../build/my_robot_controller/my_robot_controller.egg-info/dependency_links.txt
[1.199s] writing entry points to ../../build/my_robot_controller/my_robot_controller.egg-info/entry_points.txt
[1.199s] writing requirements to ../../build/my_robot_controller/my_robot_controller.egg-info/requires.txt
[1.199s] writing top-level names to ../../build/my_robot_controller/my_robot_controller.egg-info/top_level.txt
[1.204s] reading manifest file '../../build/my_robot_controller/my_robot_controller.egg-info/SOURCES.txt'
[1.206s] writing manifest file '../../build/my_robot_controller/my_robot_controller.egg-info/SOURCES.txt'
[1.206s] running build
[1.207s] running build_py
[1.207s] copying my_robot_controller/my_first_node.py -> /home/shubhi/Documents/ros2_ws/build/my_robot_controller/build/lib/my_robot_controller
[1.207s] running install
[1.208s] running install_lib
[1.209s] copying /home/shubhi/Documents/ros2_ws/build/my_robot_controller/build/lib/my_robot_controller/my_first_node.py -> /home/shubhi/Documents/ros2_ws/install/my_robot_controller/lib/python3.10/site-packages/my_robot_controller
[1.210s] byte-compiling /home/shubhi/Documents/ros2_ws/install/my_robot_controller/lib/python3.10/site-packages/my_robot_controller/my_first_node.py to my_first_node.cpython-310.pyc
[1.211s] running install_data
[1.212s] running install_egg_info
[1.215s] removing '/home/shubhi/Documents/ros2_ws/install/my_robot_controller/lib/python3.10/site-packages/my_robot_controller-0.0.0-py3.10.egg-info' (and everything under it)
[1.216s] Copying ../../build/my_robot_controller/my_robot_controller.egg-info to /home/shubhi/Documents/ros2_ws/install/my_robot_controller/lib/python3.10/site-packages/my_robot_controller-0.0.0-py3.10.egg-info
[1.218s] running install_scripts
[1.260s] Installing test_node script to /home/shubhi/Documents/ros2_ws/install/my_robot_controller/lib/my_robot_controller
[1.261s] writing list of installed files to '/home/shubhi/Documents/ros2_ws/build/my_robot_controller/install.log'
[1.316s] Invoked command in '/home/shubhi/Documents/ros2_ws/src/my_robot_controller' returned '0': PYTHONPATH=/home/shubhi/Documents/ros2_ws/build/my_robot_controller/prefix_override:/home/shubhi/Documents/ros2_ws/install/my_robot_controller/lib/python3.10/site-packages:${PYTHONPATH} /usr/bin/python3 setup.py egg_info --egg-base ../../build/my_robot_controller build --build-base /home/shubhi/Documents/ros2_ws/build/my_robot_controller/build install --record /home/shubhi/Documents/ros2_ws/build/my_robot_controller/install.log --single-version-externally-managed
