[1.234s] Invoking command in '/home/shubhi/Documents/ros2_ws/build/my_robot_controller': PYTHONPATH=/home/shubhi/Documents/ros2_ws/build/my_robot_controller/prefix_override:/home/shubhi/Documents/ros2_ws/install/my_robot_controller/lib/python3.10/site-packages:${PYTHONPATH} /usr/bin/python3 setup.py develop --editable --build-directory /home/shubhi/Documents/ros2_ws/build/my_robot_controller/build --no-deps install_data
[1.718s] running develop
[2.020s] running egg_info
[2.020s] writing my_robot_controller.egg-info/PKG-INFO
[2.020s] writing dependency_links to my_robot_controller.egg-info/dependency_links.txt
[2.021s] writing entry points to my_robot_controller.egg-info/entry_points.txt
[2.021s] writing requirements to my_robot_controller.egg-info/requires.txt
[2.021s] writing top-level names to my_robot_controller.egg-info/top_level.txt
[2.024s] reading manifest file 'my_robot_controller.egg-info/SOURCES.txt'
[2.026s] writing manifest file 'my_robot_controller.egg-info/SOURCES.txt'
[2.029s] running build_ext
[2.029s] Creating /home/shubhi/Documents/ros2_ws/install/my_robot_controller/lib/python3.10/site-packages/my-robot-controller.egg-link (link to .)
[2.031s] Installing draw_circle script to /home/shubhi/Documents/ros2_ws/install/my_robot_controller/lib/my_robot_controller
[2.031s] Installing pose_subscriber script to /home/shubhi/Documents/ros2_ws/install/my_robot_controller/lib/my_robot_controller
[2.032s] Installing test_node script to /home/shubhi/Documents/ros2_ws/install/my_robot_controller/lib/my_robot_controller
[2.032s] Installing turtle_controller script to /home/shubhi/Documents/ros2_ws/install/my_robot_controller/lib/my_robot_controller
[2.033s] 
[2.033s] Installed /home/shubhi/Documents/ros2_ws/build/my_robot_controller
[2.033s] running install_data
[2.091s] Invoked command in '/home/shubhi/Documents/ros2_ws/build/my_robot_controller' returned '0': PYTHONPATH=/home/shubhi/Documents/ros2_ws/build/my_robot_controller/prefix_override:/home/shubhi/Documents/ros2_ws/install/my_robot_controller/lib/python3.10/site-packages:${PYTHONPATH} /usr/bin/python3 setup.py develop --editable --build-directory /home/shubhi/Documents/ros2_ws/build/my_robot_controller/build --no-deps install_data
