[1.389s] Invoking command in '/home/shubhi/Documents/ros2_ws/build/my_robot_controller': PYTHONPATH=/home/shubhi/Documents/ros2_ws/build/my_robot_controller/prefix_override:/home/shubhi/Documents/ros2_ws/install/my_robot_controller/lib/python3.10/site-packages:${PYTHONPATH} /usr/bin/python3 setup.py develop --editable --build-directory /home/shubhi/Documents/ros2_ws/build/my_robot_controller/build --no-deps install_data
[1.994s] running develop
[2.381s] running egg_info
[2.382s] writing my_robot_controller.egg-info/PKG-INFO
[2.382s] writing dependency_links to my_robot_controller.egg-info/dependency_links.txt
[2.383s] writing entry points to my_robot_controller.egg-info/entry_points.txt
[2.383s] writing requirements to my_robot_controller.egg-info/requires.txt
[2.383s] writing top-level names to my_robot_controller.egg-info/top_level.txt
[2.386s] reading manifest file 'my_robot_controller.egg-info/SOURCES.txt'
[2.392s] writing manifest file 'my_robot_controller.egg-info/SOURCES.txt'
[2.395s] running build_ext
[2.395s] Creating /home/shubhi/Documents/ros2_ws/install/my_robot_controller/lib/python3.10/site-packages/my-robot-controller.egg-link (link to .)
[2.397s] Installing draw_circle script to /home/shubhi/Documents/ros2_ws/install/my_robot_controller/lib/my_robot_controller
[2.398s] Installing pose_subscriber script to /home/shubhi/Documents/ros2_ws/install/my_robot_controller/lib/my_robot_controller
[2.398s] Installing test_node script to /home/shubhi/Documents/ros2_ws/install/my_robot_controller/lib/my_robot_controller
[2.398s] Installing turtle_controller script to /home/shubhi/Documents/ros2_ws/install/my_robot_controller/lib/my_robot_controller
[2.399s] 
[2.399s] Installed /home/shubhi/Documents/ros2_ws/build/my_robot_controller
[2.399s] running install_data
[2.456s] Invoked command in '/home/shubhi/Documents/ros2_ws/build/my_robot_controller' returned '0': PYTHONPATH=/home/shubhi/Documents/ros2_ws/build/my_robot_controller/prefix_override:/home/shubhi/Documents/ros2_ws/install/my_robot_controller/lib/python3.10/site-packages:${PYTHONPATH} /usr/bin/python3 setup.py develop --editable --build-directory /home/shubhi/Documents/ros2_ws/build/my_robot_controller/build --no-deps install_data
