[0.853s] Invoking command in '/home/shubhi/Documents/ros2_ws/src/my_robot_controller': PYTHONPATH=/home/shubhi/Documents/ros2_ws/build/my_robot_controller/prefix_override:/home/shubhi/Documents/ros2_ws/install/my_robot_controller/lib/python3.10/site-packages:${PYTHONPATH} /usr/bin/python3 setup.py egg_info --egg-base ../../build/my_robot_controller build --build-base /home/shubhi/Documents/ros2_ws/build/my_robot_controller/build install --record /home/shubhi/Documents/ros2_ws/build/my_robot_controller/install.log --single-version-externally-managed
[1.264s] running egg_info
[1.265s] writing ../../build/my_robot_controller/my_robot_controller.egg-info/PKG-INFO
[1.265s] writing dependency_links to ../../build/my_robot_controller/my_robot_controller.egg-info/dependency_links.txt
[1.265s] writing entry points to ../../build/my_robot_controller/my_robot_controller.egg-info/entry_points.txt
[1.265s] writing requirements to ../../build/my_robot_controller/my_robot_controller.egg-info/requires.txt
[1.265s] writing top-level names to ../../build/my_robot_controller/my_robot_controller.egg-info/top_level.txt
[1.267s] reading manifest file '../../build/my_robot_controller/my_robot_controller.egg-info/SOURCES.txt'
[1.270s] writing manifest file '../../build/my_robot_controller/my_robot_controller.egg-info/SOURCES.txt'
[1.270s] running build
[1.270s] running build_py
[1.270s] running install
[1.271s] running install_lib
[1.272s] running install_data
[1.272s] running install_egg_info
[1.274s] removing '/home/shubhi/Documents/ros2_ws/install/my_robot_controller/lib/python3.10/site-packages/my_robot_controller-0.0.0-py3.10.egg-info' (and everything under it)
[1.274s] Copying ../../build/my_robot_controller/my_robot_controller.egg-info to /home/shubhi/Documents/ros2_ws/install/my_robot_controller/lib/python3.10/site-packages/my_robot_controller-0.0.0-py3.10.egg-info
[1.275s] running install_scripts
[1.301s] writing list of installed files to '/home/shubhi/Documents/ros2_ws/build/my_robot_controller/install.log'
[1.363s] Invoked command in '/home/shubhi/Documents/ros2_ws/src/my_robot_controller' returned '0': PYTHONPATH=/home/shubhi/Documents/ros2_ws/build/my_robot_controller/prefix_override:/home/shubhi/Documents/ros2_ws/install/my_robot_controller/lib/python3.10/site-packages:${PYTHONPATH} /usr/bin/python3 setup.py egg_info --egg-base ../../build/my_robot_controller build --build-base /home/shubhi/Documents/ros2_ws/build/my_robot_controller/build install --record /home/shubhi/Documents/ros2_ws/build/my_robot_controller/install.log --single-version-externally-managed
